using-penid/build/outputs/logs/manifest-merger-debug-report.txt
-- Merging decision tree log ---
manifest
ADDED from src/main/AndroidManifest.xml:2:1-39:12
	package
		ADDED from src/main/AndroidManifest.xml:3:5-47
		INJECTED from src/main/AndroidManifest.xml
		INJECTED from src/main/AndroidManifest.xml
	android:versionName
		ADDED from src/main/AndroidManifest.xml:5:5-30
		INJECTED from src/main/AndroidManifest.xml
		INJECTED from src/main/AndroidManifest.xml
	android:versionCode
		ADDED from src/main/AndroidManifest.xml:4:5-28
		INJECTED from src/main/AndroidManifest.xml
		INJECTED from src/main/AndroidManifest.xml
	xmlns:android
		ADDED from src/main/AndroidManifest.xml:2:11-69
uses-sdk
ADDED from src/main/AndroidManifest.xml:7:5-9:41
MERGED from [will-tutorils:will-sdk:unspecified] AndroidManifest.xml:7:5-9:41
	android:targetSdkVersion
		ADDED from src/main/AndroidManifest.xml:9:9-38
		INJECTED from src/main/AndroidManifest.xml
		INJECTED from src/main/AndroidManifest.xml
	android:minSdkVersion
		ADDED from src/main/AndroidManifest.xml:8:9-35
		INJECTED from src/main/AndroidManifest.xml
		INJECTED from src/main/AndroidManifest.xml
uses-feature#0x00020000
ADDED from src/main/AndroidManifest.xml:11:2-75
	android:glEsVersion
		ADDED from src/main/AndroidManifest.xml:11:16-48
	android:required
		ADDED from src/main/AndroidManifest.xml:11:49-72
uses-permission#android.permission.WRITE_EXTERNAL_STORAGE
ADDED from src/main/AndroidManifest.xml:13:5-81
	android:name
		ADDED from src/main/AndroidManifest.xml:13:22-78
application
ADDED from src/main/AndroidManifest.xml:15:5-37:19
	android:label
		ADDED from src/main/AndroidManifest.xml:18:9-41
	android:hardwareAccelerated
		ADDED from src/main/AndroidManifest.xml:20:9-44
	android:allowBackup
		ADDED from src/main/AndroidManifest.xml:16:9-35
	android:icon
		ADDED from src/main/AndroidManifest.xml:17:9-45
	android:theme
		ADDED from src/main/AndroidManifest.xml:19:9-40
activity#com.wacom.ink.samples.usingpenid.UsingPenIdPart01
ADDED from src/main/AndroidManifest.xml:22:11-27:22
	android:label
		ADDED from src/main/AndroidManifest.xml:23:19-48
	android:exported
		ADDED from src/main/AndroidManifest.xml:25:19-42
	android:configChanges
		ADDED from src/main/AndroidManifest.xml:26:19-80
	android:name
		ADDED from src/main/AndroidManifest.xml:24:19-51
activity#com.wacom.ink.samples.usingpenid.MainActivity
ADDED from src/main/AndroidManifest.xml:29:11-36:22
	android:label
		ADDED from src/main/AndroidManifest.xml:31:19-62
	android:name
		ADDED from src/main/AndroidManifest.xml:30:19-47
intent-filter#android.intent.action.MAIN+android.intent.category.LAUNCHER
ADDED from src/main/AndroidManifest.xml:32:17-35:33
action#android.intent.action.MAIN
ADDED from src/main/AndroidManifest.xml:33:23-75
	android:name
		ADDED from src/main/AndroidManifest.xml:33:31-72
category#android.intent.category.LAUNCHER
ADDED from src/main/AndroidManifest.xml:34:23-83
	android:name
		ADDED from src/main/AndroidManifest.xml:34:33-80